[debug] [2023-02-19T01:43:59.575Z] ----------------------------------------------------------------------
[debug] [2023-02-19T01:43:59.577Z] Command:       C:\Program Files\nodejs\node.exe C:\Users\alexa\AppData\Roaming\npm\node_modules\firebase-tools\lib\bin\firebase.js emulators:start
[debug] [2023-02-19T01:43:59.577Z] CLI Version:   11.20.0
[debug] [2023-02-19T01:43:59.577Z] Platform:      win32
[debug] [2023-02-19T01:43:59.577Z] Node Version:  v16.15.0
[debug] [2023-02-19T01:43:59.578Z] Time:          Sat Feb 18 2023 19:43:59 GMT-0600 (Central Standard Time)
[debug] [2023-02-19T01:43:59.578Z] ----------------------------------------------------------------------
[debug] 
[debug] [2023-02-19T01:43:59.643Z] > command requires scopes: ["email","openid","https://www.googleapis.com/auth/cloudplatformprojects.readonly","https://www.googleapis.com/auth/firebase","https://www.googleapis.com/auth/cloud-platform"]
[debug] [2023-02-19T01:43:59.643Z] > authorizing via signed-in user (mexico90spm3@gmail.com)
[info] i  emulators: Starting emulators: functions, hosting {"metadata":{"emulator":{"name":"hub"},"message":"Starting emulators: functions, hosting"}}
[debug] [2023-02-19T01:43:59.658Z] [logging] Logging Emulator only supports listening on one address (127.0.0.1). Not listening on ::1
[debug] [2023-02-19T01:43:59.658Z] [hosting] Hosting Emulator only supports listening on one address (127.0.0.1). Not listening on ::1
[debug] [2023-02-19T01:43:59.658Z] assigned listening specs for emulators {"user":{"hub":[{"address":"127.0.0.1","family":"IPv4","port":4400},{"address":"::1","family":"IPv6","port":4400}],"ui":[{"address":"127.0.0.1","family":"IPv4","port":4000},{"address":"::1","family":"IPv6","port":4000}],"logging":[{"address":"127.0.0.1","family":"IPv4","port":4500}],"hosting":[{"address":"127.0.0.1","family":"IPv4","port":5000}]},"metadata":{"message":"assigned listening specs for emulators"}}
[debug] [2023-02-19T01:43:59.662Z] [hub] writing locator at C:\Users\alexa\AppData\Local\Temp\hub-p3version3.json
[debug] [2023-02-19T01:43:59.712Z] [functions] Functions Emulator only supports listening on one address (127.0.0.1). Not listening on ::1
[debug] [2023-02-19T01:43:59.712Z] [eventarc] Eventarc Emulator only supports listening on one address (127.0.0.1). Not listening on ::1
[debug] [2023-02-19T01:43:59.712Z] late-assigned ports for functions and eventarc emulators {"user":{"hub":[{"address":"127.0.0.1","family":"IPv4","port":4400},{"address":"::1","family":"IPv6","port":4400}],"ui":[{"address":"127.0.0.1","family":"IPv4","port":4000},{"address":"::1","family":"IPv6","port":4000}],"logging":[{"address":"127.0.0.1","family":"IPv4","port":4500}],"hosting":[{"address":"127.0.0.1","family":"IPv4","port":5000}],"functions":[{"address":"127.0.0.1","family":"IPv4","port":5001}],"eventarc":[{"address":"127.0.0.1","family":"IPv4","port":9299}]},"metadata":{"message":"late-assigned ports for functions and eventarc emulators"}}
[warn] !  functions: The following emulators are not running, calls to these services from the Functions emulator will affect production: auth, firestore, database, pubsub, storage {"metadata":{"emulator":{"name":"functions"},"message":"The following emulators are not running, calls to these services from the Functions emulator will affect production: \u001b[1mauth, firestore, database, pubsub, storage\u001b[22m"}}
[info] +  functions: Using node@16 from host. {"metadata":{"emulator":{"name":"functions"},"message":"Using node@16 from host."}}
[debug] [2023-02-19T01:43:59.730Z] defaultcredentials: writing to file C:\Users\alexa\AppData\Roaming\firebase\mexico90spm3_gmail_com_application_default_credentials.json
[debug] [2023-02-19T01:43:59.733Z] Setting GAC to C:\Users\alexa\AppData\Roaming\firebase\mexico90spm3_gmail_com_application_default_credentials.json {"metadata":{"emulator":{"name":"functions"},"message":"Setting GAC to C:\\Users\\alexa\\AppData\\Roaming\\firebase\\mexico90spm3_gmail_com_application_default_credentials.json"}}
[debug] [2023-02-19T01:43:59.735Z] >>> [apiv2][query] GET https://firebase.googleapis.com/v1beta1/projects/p3version3/adminSdkConfig [none]
[debug] [2023-02-19T01:44:00.268Z] <<< [apiv2][status] GET https://firebase.googleapis.com/v1beta1/projects/p3version3/adminSdkConfig 200
[debug] [2023-02-19T01:44:00.268Z] <<< [apiv2][body] GET https://firebase.googleapis.com/v1beta1/projects/p3version3/adminSdkConfig {"projectId":"p3version3","storageBucket":"p3version3.appspot.com","locationId":"us-central"}
[debug] [2023-02-19T01:44:00.304Z] >>> [apiv2][query] GET https://firebasehosting.googleapis.com/v1beta1/projects/p3version3/sites 
[debug] [2023-02-19T01:44:00.945Z] <<< [apiv2][status] GET https://firebasehosting.googleapis.com/v1beta1/projects/p3version3/sites 200
[debug] [2023-02-19T01:44:00.945Z] <<< [apiv2][body] GET https://firebasehosting.googleapis.com/v1beta1/projects/p3version3/sites {"sites":[{"name":"projects/p3version3/sites/p3version3","defaultUrl":"https://p3version3.web.app","type":"DEFAULT_SITE"}]}
[debug] [2023-02-19T01:44:00.946Z] >>> [apiv2][query] GET https://firebase.googleapis.com/v1beta1/projects/p3version3/webApps/-/config [none]
[debug] [2023-02-19T01:44:01.456Z] <<< [apiv2][status] GET https://firebase.googleapis.com/v1beta1/projects/p3version3/webApps/-/config 200
[debug] [2023-02-19T01:44:01.456Z] <<< [apiv2][body] GET https://firebase.googleapis.com/v1beta1/projects/p3version3/webApps/-/config {"projectId":"p3version3","appId":"1:1016558479611:web:ff6fbe26fe2bddcd37285e","storageBucket":"p3version3.appspot.com","locationId":"us-central","apiKey":"AIzaSyAeBKoQ9HkYPWGYafQ2pF9yE7Uti5T3xRo","authDomain":"p3version3.firebaseapp.com","messagingSenderId":"1016558479611"}
[debug] [2023-02-19T01:44:01.471Z] >>> [apiv2][query] GET https://firebase.googleapis.com/v1beta1/projects/p3version3 [none]
[debug] [2023-02-19T01:44:01.864Z] <<< [apiv2][status] GET https://firebase.googleapis.com/v1beta1/projects/p3version3 200
[debug] [2023-02-19T01:44:01.864Z] <<< [apiv2][body] GET https://firebase.googleapis.com/v1beta1/projects/p3version3 {"projectId":"p3version3","projectNumber":"1016558479611","displayName":"p3version3","name":"projects/p3version3","resources":{"hostingSite":"p3version3","storageBucket":"p3version3.appspot.com","locationId":"us-central"},"state":"ACTIVE","etag":"1_f81b6650-3641-4553-a302-8c43ff8efb35"}
[info] i  hosting[p3version3]: Serving hosting files from: build {"metadata":{"emulator":{"name":"hosting"},"message":"Serving hosting files from: \u001b[1mbuild\u001b[22m"}}
[info] +  hosting[p3version3]: Local server: http://127.0.0.1:5000 {"metadata":{"emulator":{"name":"hosting"},"message":"Local server: \u001b[4m\u001b[1mhttp://127.0.0.1:5000\u001b[22m\u001b[24m"}}
[debug] [2023-02-19T01:44:01.910Z] Ignoring unsupported arg: auto_download {"metadata":{"emulator":{"name":"ui"},"message":"Ignoring unsupported arg: auto_download"}}
[debug] [2023-02-19T01:44:01.911Z] Ignoring unsupported arg: port {"metadata":{"emulator":{"name":"ui"},"message":"Ignoring unsupported arg: port"}}
[debug] [2023-02-19T01:44:01.911Z] Starting Emulator UI with command {"binary":"node","args":["C:\\Users\\alexa\\.cache\\firebase\\emulators\\ui-v1.11.2\\server\\server.js"],"optionalArgs":[],"joinArgs":false} {"metadata":{"emulator":{"name":"ui"},"message":"Starting Emulator UI with command {\"binary\":\"node\",\"args\":[\"C:\\\\Users\\\\alexa\\\\.cache\\\\firebase\\\\emulators\\\\ui-v1.11.2\\\\server\\\\server.js\"],\"optionalArgs\":[],\"joinArgs\":false}"}}
[info] i  ui: Emulator UI logging to ui-debug.log {"metadata":{"emulator":{"name":"ui"},"message":"Emulator UI logging to \u001b[1mui-debug.log\u001b[22m"}}
[debug] [2023-02-19T01:44:02.138Z] Web / API server started at 127.0.0.1:4000
 {"metadata":{"emulator":{"name":"ui"},"message":"Web / API server started at 127.0.0.1:4000\n"}}
[debug] [2023-02-19T01:44:02.139Z] Web / API server started at ::1:4000
 {"metadata":{"emulator":{"name":"ui"},"message":"Web / API server started at ::1:4000\n"}}
[info] i  functions: Watching "C:\Users\alexa\WebstormProjects\p3version3\functions" for Cloud Functions... {"metadata":{"emulator":{"name":"functions"},"message":"Watching \"C:\\Users\\alexa\\WebstormProjects\\p3version3\\functions\" for Cloud Functions..."}}
[debug] [2023-02-19T01:44:02.209Z] Validating nodejs source
[warn] !  functions: package.json indicates an outdated version of firebase-functions. Please upgrade using npm install --save firebase-functions@latest in your functions directory. 
[warn] !  functions: Please note that there will be breaking changes when you upgrade. 
[debug] [2023-02-19T01:44:03.946Z] > [functions] package.json contents: {
  "name": "functions",
  "description": "Cloud Functions for Firebase",
  "scripts": {
    "serve": "firebase emulators:start --only functions",
    "shell": "firebase functions:shell",
    "start": "npm run shell",
    "deploy": "firebase deploy --only functions",
    "logs": "firebase functions:log"
  },
  "engines": {
    "node": "16"
  },
  "main": "index.js",
  "dependencies": {
    "axios": "^1.2.6",
    "cheerio": "^1.0.0-rc.12",
    "firebase-admin": "^10.0.2",
    "firebase-functions": "^3.18.0"
  },
  "devDependencies": {
    "firebase-functions-test": "^0.2.0"
  },
  "private": true
}
[debug] [2023-02-19T01:44:03.947Z] Building nodejs source
[debug] [2023-02-19T01:44:03.949Z] Could not find functions.yaml. Must use http discovery
[debug] [2023-02-19T01:44:04.328Z] Serving at port 9005

[debug] [2023-02-19T01:44:04.611Z] Got response from /__/functions.yaml {"endpoints":{"helloWorld":{"platform":"gcfv1","httpsTrigger":{},"entryPoint":"helloWorld"},"getOne":{"platform":"gcfv1","scheduleTrigger":{"schedule":"0 13,23 * * *","timeZone":"America/Chicago"},"labels":{},"entryPoint":"getOne"},"getGuesses":{"platform":"gcfv1","scheduleTrigger":{"schedule":"5 10,20 * * *","timeZone":"America/Chicago"},"labels":{},"entryPoint":"getGuesses"},"ss":{"platform":"gcfv1","httpsTrigger":{},"entryPoint":"ss"}},"specVersion":"v1alpha1","requiredAPIs":[{"api":"cloudscheduler.googleapis.com","reason":"Needed for scheduled functions."}]}
[debug] [2023-02-19T01:44:04.622Z] shutdown requested via /__/quitquitquit

[info] +  functions: Loaded functions definitions from source: helloWorld, getOne, getGuesses, ss. {"metadata":{"emulator":{"name":"functions"},"message":"Loaded functions definitions from source: helloWorld, getOne, getGuesses, ss."}}
[info] +  functions[us-central1-helloWorld]: http function initialized (http://127.0.0.1:5001/p3version3/us-central1/helloWorld). {"metadata":{"emulator":{"name":"functions"},"message":"\u001b[1mhttp\u001b[22m function initialized (http://127.0.0.1:5001/p3version3/us-central1/helloWorld)."}}
[info] i  functions[us-central1-getOne]: function ignored because the pubsub emulator does not exist or is not running. {"metadata":{"emulator":{"name":"functions"},"message":"function ignored because the pubsub emulator does not exist or is not running."}}
[info] i  functions[us-central1-getGuesses]: function ignored because the pubsub emulator does not exist or is not running. {"metadata":{"emulator":{"name":"functions"},"message":"function ignored because the pubsub emulator does not exist or is not running."}}
[info] +  functions[us-central1-ss]: http function initialized (http://127.0.0.1:5001/p3version3/us-central1/ss). {"metadata":{"emulator":{"name":"functions"},"message":"\u001b[1mhttp\u001b[22m function initialized (http://127.0.0.1:5001/p3version3/us-central1/ss)."}}
[info] 
┌─────────────────────────────────────────────────────────────┐
│ ✔  All emulators ready! It is now safe to connect your app. │
│ i  View Emulator UI at http://127.0.0.1:4000/               │
└─────────────────────────────────────────────────────────────┘

┌───────────┬────────────────┬─────────────────────────────────┐
│ Emulator  │ Host:Port      │ View in Emulator UI             │
├───────────┼────────────────┼─────────────────────────────────┤
│ Functions │ 127.0.0.1:5001 │ http://127.0.0.1:4000/functions │
├───────────┼────────────────┼─────────────────────────────────┤
│ Hosting   │ 127.0.0.1:5000 │ n/a                             │
└───────────┴────────────────┴─────────────────────────────────┘
  Emulator Hub running at 127.0.0.1:4400
  Other reserved ports: 4500

Issues? Report them at https://github.com/firebase/firebase-tools/issues and attach the *-debug.log files.
 
[debug] [2023-02-19T01:44:07.343Z] [work-queue] {"queuedWork":["/p3version3/us-central1/ss-2023-02-19T01:44:07.343Z"],"queueLength":1,"runningWork":[],"workRunningCount":0}
[debug] [2023-02-19T01:44:07.344Z] [work-queue] {"queuedWork":[],"queueLength":0,"runningWork":["/p3version3/us-central1/ss-2023-02-19T01:44:07.343Z"],"workRunningCount":1}
[debug] [2023-02-19T01:44:07.345Z] Accepted request GET /p3version3/us-central1/ss --> us-central1-ss
[debug] [2023-02-19T01:44:07.346Z] [functions] Runtime ready! Sending request! {"metadata":{"emulator":{"name":"functions"},"message":"[functions] Runtime ready! Sending request!"}}
[debug] [2023-02-19T01:44:07.348Z] [functions] Got req.url=/p3version3/us-central1/ss, mapping to path=/ {"metadata":{"emulator":{"name":"functions"},"message":"[functions] Got req.url=/p3version3/us-central1/ss, mapping to path=/"}}
[debug] [2023-02-19T01:44:07.360Z] [worker-pool] addWorker(us-central1-ss) {"metadata":{"emulator":{"name":"functions"},"message":"[worker-pool] addWorker(us-central1-ss)"}}
[debug] [2023-02-19T01:44:07.361Z] [worker-pool] Adding worker with key us-central1-ss, total=1 {"metadata":{"emulator":{"name":"functions"},"message":"[worker-pool] Adding worker with key us-central1-ss, total=1"}}
[debug] [2023-02-19T01:44:09.650Z] [runtime-status] [10068] Resolved module firebase-admin {"declared":true,"installed":true,"version":"10.3.0","resolution":"C:\\Users\\alexa\\WebstormProjects\\p3version3\\functions\\node_modules\\firebase-admin\\lib\\index.js"} {"metadata":{"emulator":{"name":"functions"},"function":{"name":"us-central1-ss"},"extension":{},"message":"[runtime-status] [10068] Resolved module firebase-admin {\"declared\":true,\"installed\":true,\"version\":\"10.3.0\",\"resolution\":\"C:\\\\Users\\\\alexa\\\\WebstormProjects\\\\p3version3\\\\functions\\\\node_modules\\\\firebase-admin\\\\lib\\\\index.js\"}"}}
[debug] [2023-02-19T01:44:09.655Z] [runtime-status] [10068] Resolved module firebase-functions {"declared":true,"installed":true,"version":"3.24.1","resolution":"C:\\Users\\alexa\\WebstormProjects\\p3version3\\functions\\node_modules\\firebase-functions\\lib\\index.js"} {"metadata":{"emulator":{"name":"functions"},"function":{"name":"us-central1-ss"},"extension":{},"message":"[runtime-status] [10068] Resolved module firebase-functions {\"declared\":true,\"installed\":true,\"version\":\"3.24.1\",\"resolution\":\"C:\\\\Users\\\\alexa\\\\WebstormProjects\\\\p3version3\\\\functions\\\\node_modules\\\\firebase-functions\\\\lib\\\\index.js\"}"}}
[debug] [2023-02-19T01:44:09.656Z] [runtime-status] [10068] Outgoing network have been stubbed. [{"name":"http","status":"mocked"},{"name":"http","status":"mocked"},{"name":"https","status":"mocked"},{"name":"https","status":"mocked"},{"name":"net","status":"mocked"}] {"metadata":{"emulator":{"name":"functions"},"function":{"name":"us-central1-ss"},"extension":{},"message":"[runtime-status] [10068] Outgoing network have been stubbed. [{\"name\":\"http\",\"status\":\"mocked\"},{\"name\":\"http\",\"status\":\"mocked\"},{\"name\":\"https\",\"status\":\"mocked\"},{\"name\":\"https\",\"status\":\"mocked\"},{\"name\":\"net\",\"status\":\"mocked\"}]"}}
[debug] [2023-02-19T01:44:09.657Z] [runtime-status] [10068] Resolved module firebase-functions {"declared":true,"installed":true,"version":"3.24.1","resolution":"C:\\Users\\alexa\\WebstormProjects\\p3version3\\functions\\node_modules\\firebase-functions\\lib\\index.js"} {"metadata":{"emulator":{"name":"functions"},"function":{"name":"us-central1-ss"},"extension":{},"message":"[runtime-status] [10068] Resolved module firebase-functions {\"declared\":true,\"installed\":true,\"version\":\"3.24.1\",\"resolution\":\"C:\\\\Users\\\\alexa\\\\WebstormProjects\\\\p3version3\\\\functions\\\\node_modules\\\\firebase-functions\\\\lib\\\\index.js\"}"}}
[debug] [2023-02-19T01:44:09.751Z] [runtime-status] [10068] Checked functions.config() {"config":{}} {"metadata":{"emulator":{"name":"functions"},"function":{"name":"us-central1-ss"},"extension":{},"message":"[runtime-status] [10068] Checked functions.config() {\"config\":{}}"}}
[debug] [2023-02-19T01:44:09.753Z] [runtime-status] [10068] firebase-functions has been stubbed. {"functionsResolution":{"declared":true,"installed":true,"version":"3.24.1","resolution":"C:\\Users\\alexa\\WebstormProjects\\p3version3\\functions\\node_modules\\firebase-functions\\lib\\index.js"}} {"metadata":{"emulator":{"name":"functions"},"function":{"name":"us-central1-ss"},"extension":{},"message":"[runtime-status] [10068] firebase-functions has been stubbed. {\"functionsResolution\":{\"declared\":true,\"installed\":true,\"version\":\"3.24.1\",\"resolution\":\"C:\\\\Users\\\\alexa\\\\WebstormProjects\\\\p3version3\\\\functions\\\\node_modules\\\\firebase-functions\\\\lib\\\\index.js\"}}"}}
[debug] [2023-02-19T01:44:09.754Z] [runtime-status] [10068] Resolved module firebase-functions {"declared":true,"installed":true,"version":"3.24.1","resolution":"C:\\Users\\alexa\\WebstormProjects\\p3version3\\functions\\node_modules\\firebase-functions\\lib\\index.js"} {"metadata":{"emulator":{"name":"functions"},"function":{"name":"us-central1-ss"},"extension":{},"message":"[runtime-status] [10068] Resolved module firebase-functions {\"declared\":true,\"installed\":true,\"version\":\"3.24.1\",\"resolution\":\"C:\\\\Users\\\\alexa\\\\WebstormProjects\\\\p3version3\\\\functions\\\\node_modules\\\\firebase-functions\\\\lib\\\\index.js\"}"}}
[debug] [2023-02-19T01:44:09.756Z] [runtime-status] [10068] Resolved module firebase-admin {"declared":true,"installed":true,"version":"10.3.0","resolution":"C:\\Users\\alexa\\WebstormProjects\\p3version3\\functions\\node_modules\\firebase-admin\\lib\\index.js"} {"metadata":{"emulator":{"name":"functions"},"function":{"name":"us-central1-ss"},"extension":{},"message":"[runtime-status] [10068] Resolved module firebase-admin {\"declared\":true,\"installed\":true,\"version\":\"10.3.0\",\"resolution\":\"C:\\\\Users\\\\alexa\\\\WebstormProjects\\\\p3version3\\\\functions\\\\node_modules\\\\firebase-admin\\\\lib\\\\index.js\"}"}}
[debug] [2023-02-19T01:44:09.758Z] [runtime-status] [10068] Resolved module firebase-functions {"declared":true,"installed":true,"version":"3.24.1","resolution":"C:\\Users\\alexa\\WebstormProjects\\p3version3\\functions\\node_modules\\firebase-functions\\lib\\index.js"} {"metadata":{"emulator":{"name":"functions"},"function":{"name":"us-central1-ss"},"extension":{},"message":"[runtime-status] [10068] Resolved module firebase-functions {\"declared\":true,\"installed\":true,\"version\":\"3.24.1\",\"resolution\":\"C:\\\\Users\\\\alexa\\\\WebstormProjects\\\\p3version3\\\\functions\\\\node_modules\\\\firebase-functions\\\\lib\\\\index.js\"}"}}
[debug] [2023-02-19T01:44:09.759Z] [runtime-status] [10068] firebase-admin has been stubbed. {"adminResolution":{"declared":true,"installed":true,"version":"10.3.0","resolution":"C:\\Users\\alexa\\WebstormProjects\\p3version3\\functions\\node_modules\\firebase-admin\\lib\\index.js"}} {"metadata":{"emulator":{"name":"functions"},"function":{"name":"us-central1-ss"},"extension":{},"message":"[runtime-status] [10068] firebase-admin has been stubbed. {\"adminResolution\":{\"declared\":true,\"installed\":true,\"version\":\"10.3.0\",\"resolution\":\"C:\\\\Users\\\\alexa\\\\WebstormProjects\\\\p3version3\\\\functions\\\\node_modules\\\\firebase-admin\\\\lib\\\\index.js\"}}"}}
[debug] [2023-02-19T01:44:09.764Z] [runtime-status] [10068] initializeApp(DEFAULT) {"storageBucket":"p3version3.appspot.com","projectId":"p3version3"} {"metadata":{"emulator":{"name":"functions"},"function":{"name":"us-central1-ss"},"extension":{},"message":"[runtime-status] [10068] initializeApp(DEFAULT) {\"storageBucket\":\"p3version3.appspot.com\",\"projectId\":\"p3version3\"}"}}
[debug] [2023-02-19T01:44:09.955Z] [runtime-status] [10068] Functions runtime initialized. {"cwd":"C:\\Users\\alexa\\WebstormProjects\\p3version3\\functions","node_version":"16.15.0"} {"metadata":{"emulator":{"name":"functions"},"function":{"name":"us-central1-ss"},"extension":{},"message":"[runtime-status] [10068] Functions runtime initialized. {\"cwd\":\"C:\\\\Users\\\\alexa\\\\WebstormProjects\\\\p3version3\\\\functions\",\"node_version\":\"16.15.0\"}"}}
[debug] [2023-02-19T01:44:09.956Z] [runtime-status] [10068] Listening to port: \\?\pipe\fire_emu_6420cdacc21d5933 {"metadata":{"emulator":{"name":"functions"},"function":{"name":"us-central1-ss"},"extension":{},"message":"[runtime-status] [10068] Listening to port: \\\\?\\pipe\\fire_emu_6420cdacc21d5933"}}
[debug] [2023-02-19T01:44:10.007Z] [worker-us-central1-ss-67996790-a3a5-4323-8136-ed3974130afb]: IDLE {"metadata":{"emulator":{"name":"functions"},"message":"[worker-us-central1-ss-67996790-a3a5-4323-8136-ed3974130afb]: IDLE"}}
[debug] [2023-02-19T01:44:10.008Z] [worker-pool] submitRequest(triggerId=us-central1-ss) {"metadata":{"emulator":{"name":"functions"},"message":"[worker-pool] submitRequest(triggerId=us-central1-ss)"}}
[debug] [2023-02-19T01:44:10.008Z] [worker-us-central1-ss-67996790-a3a5-4323-8136-ed3974130afb]: BUSY {"metadata":{"emulator":{"name":"functions"},"message":"[worker-us-central1-ss-67996790-a3a5-4323-8136-ed3974130afb]: BUSY"}}
[info] i  functions: Beginning execution of "ss" {"metadata":{"emulator":{"name":"functions"},"function":{"name":"us-central1-ss"},"extension":{},"message":"Beginning execution of \"ss\""}}
[warn] !  functions: The Cloud Firestore emulator is not running, so calls to Firestore will affect production. {"metadata":{"emulator":{"name":"functions"},"function":{"name":"us-central1-ss"},"extension":{},"message":"The Cloud Firestore emulator is not running, so calls to Firestore will affect production."}}
[warn] !  Google API requested!
   - URL: "https://oauth2.googleapis.com/token"
   - Be careful, this may be a production service. {"metadata":{"emulator":{"name":"functions"},"function":{"name":"us-central1-ss"},"extension":{},"message":"Google API requested!\n   - URL: \"https://oauth2.googleapis.com/token\"\n   - Be careful, this may be a production service."}}
[info] >  6tGYKqGDLmnsBvpTyTlm {"user":"6tGYKqGDLmnsBvpTyTlm","metadata":{"emulator":{"name":"functions"},"function":{"name":"us-central1-ss"},"extension":{},"message":"\u001b[90m> \u001b[39m 6tGYKqGDLmnsBvpTyTlm"}}
[info] >  8EtqcYdfholDxjxwRrs4 {"user":"8EtqcYdfholDxjxwRrs4","metadata":{"emulator":{"name":"functions"},"function":{"name":"us-central1-ss"},"extension":{},"message":"\u001b[90m> \u001b[39m 8EtqcYdfholDxjxwRrs4"}}
[info] >  DAhXIXTcnIwQdp0MPbj3 {"user":"DAhXIXTcnIwQdp0MPbj3","metadata":{"emulator":{"name":"functions"},"function":{"name":"us-central1-ss"},"extension":{},"message":"\u001b[90m> \u001b[39m DAhXIXTcnIwQdp0MPbj3"}}
[info] >  DtOVmJVhpjyxeE2JtxJb {"user":"DtOVmJVhpjyxeE2JtxJb","metadata":{"emulator":{"name":"functions"},"function":{"name":"us-central1-ss"},"extension":{},"message":"\u001b[90m> \u001b[39m DtOVmJVhpjyxeE2JtxJb"}}
[info] >  F7zMQEzLVpRmyyXDZVNh {"user":"F7zMQEzLVpRmyyXDZVNh","metadata":{"emulator":{"name":"functions"},"function":{"name":"us-central1-ss"},"extension":{},"message":"\u001b[90m> \u001b[39m F7zMQEzLVpRmyyXDZVNh"}}
[info] >  NJPr7yyqZY66pLyXdDJ2 {"user":"NJPr7yyqZY66pLyXdDJ2","metadata":{"emulator":{"name":"functions"},"function":{"name":"us-central1-ss"},"extension":{},"message":"\u001b[90m> \u001b[39m NJPr7yyqZY66pLyXdDJ2"}}
[info] >  OzHqkDLpfpXsWmP7oxzf {"user":"OzHqkDLpfpXsWmP7oxzf","metadata":{"emulator":{"name":"functions"},"function":{"name":"us-central1-ss"},"extension":{},"message":"\u001b[90m> \u001b[39m OzHqkDLpfpXsWmP7oxzf"}}
[info] >  PktMH4IL4RVqWRrCY2ZP {"user":"PktMH4IL4RVqWRrCY2ZP","metadata":{"emulator":{"name":"functions"},"function":{"name":"us-central1-ss"},"extension":{},"message":"\u001b[90m> \u001b[39m PktMH4IL4RVqWRrCY2ZP"}}
[info] >  RiVgLVOs4JSSVV5MVGH7 {"user":"RiVgLVOs4JSSVV5MVGH7","metadata":{"emulator":{"name":"functions"},"function":{"name":"us-central1-ss"},"extension":{},"message":"\u001b[90m> \u001b[39m RiVgLVOs4JSSVV5MVGH7"}}
[info] >  SncdGagBsRIr224g8p9K {"user":"SncdGagBsRIr224g8p9K","metadata":{"emulator":{"name":"functions"},"function":{"name":"us-central1-ss"},"extension":{},"message":"\u001b[90m> \u001b[39m SncdGagBsRIr224g8p9K"}}
[info] >  Svgx2u8FmiovCRHLfzVH {"user":"Svgx2u8FmiovCRHLfzVH","metadata":{"emulator":{"name":"functions"},"function":{"name":"us-central1-ss"},"extension":{},"message":"\u001b[90m> \u001b[39m Svgx2u8FmiovCRHLfzVH"}}
[info] >  YT1YMryye8N1OK8ilRCl {"user":"YT1YMryye8N1OK8ilRCl","metadata":{"emulator":{"name":"functions"},"function":{"name":"us-central1-ss"},"extension":{},"message":"\u001b[90m> \u001b[39m YT1YMryye8N1OK8ilRCl"}}
[info] >  fNRLLCwAozo7znlnoEqW {"user":"fNRLLCwAozo7znlnoEqW","metadata":{"emulator":{"name":"functions"},"function":{"name":"us-central1-ss"},"extension":{},"message":"\u001b[90m> \u001b[39m fNRLLCwAozo7znlnoEqW"}}
[info] >  fwaUoAHnAKErfXLTHrtF {"user":"fwaUoAHnAKErfXLTHrtF","metadata":{"emulator":{"name":"functions"},"function":{"name":"us-central1-ss"},"extension":{},"message":"\u001b[90m> \u001b[39m fwaUoAHnAKErfXLTHrtF"}}
[info] >  gbsKKGq528d2UNu1zl7E {"user":"gbsKKGq528d2UNu1zl7E","metadata":{"emulator":{"name":"functions"},"function":{"name":"us-central1-ss"},"extension":{},"message":"\u001b[90m> \u001b[39m gbsKKGq528d2UNu1zl7E"}}
[info] >  izxE4yG5akcS95JOhAzK {"user":"izxE4yG5akcS95JOhAzK","metadata":{"emulator":{"name":"functions"},"function":{"name":"us-central1-ss"},"extension":{},"message":"\u001b[90m> \u001b[39m izxE4yG5akcS95JOhAzK"}}
[info] >  k5XcE1RGwonOn8ZuSjOq {"user":"k5XcE1RGwonOn8ZuSjOq","metadata":{"emulator":{"name":"functions"},"function":{"name":"us-central1-ss"},"extension":{},"message":"\u001b[90m> \u001b[39m k5XcE1RGwonOn8ZuSjOq"}}
[info] >  opr7FG9afXmoUNZ8GBvN {"user":"opr7FG9afXmoUNZ8GBvN","metadata":{"emulator":{"name":"functions"},"function":{"name":"us-central1-ss"},"extension":{},"message":"\u001b[90m> \u001b[39m opr7FG9afXmoUNZ8GBvN"}}
[info] >  pXXaX13teGAz4gASn6C3 {"user":"pXXaX13teGAz4gASn6C3","metadata":{"emulator":{"name":"functions"},"function":{"name":"us-central1-ss"},"extension":{},"message":"\u001b[90m> \u001b[39m pXXaX13teGAz4gASn6C3"}}
[info] >  phZ5dDP8fZebsH0wg3NO {"user":"phZ5dDP8fZebsH0wg3NO","metadata":{"emulator":{"name":"functions"},"function":{"name":"us-central1-ss"},"extension":{},"message":"\u001b[90m> \u001b[39m phZ5dDP8fZebsH0wg3NO"}}
[info] >  qauuytnwiGmStMKkpnIJ {"user":"qauuytnwiGmStMKkpnIJ","metadata":{"emulator":{"name":"functions"},"function":{"name":"us-central1-ss"},"extension":{},"message":"\u001b[90m> \u001b[39m qauuytnwiGmStMKkpnIJ"}}
[info] >  sbiIMw45uKngeqpdQPsx {"user":"sbiIMw45uKngeqpdQPsx","metadata":{"emulator":{"name":"functions"},"function":{"name":"us-central1-ss"},"extension":{},"message":"\u001b[90m> \u001b[39m sbiIMw45uKngeqpdQPsx"}}
[info] >  umK5MxHY5a8ScUMfv5Ej {"user":"umK5MxHY5a8ScUMfv5Ej","metadata":{"emulator":{"name":"functions"},"function":{"name":"us-central1-ss"},"extension":{},"message":"\u001b[90m> \u001b[39m umK5MxHY5a8ScUMfv5Ej"}}
[debug] [2023-02-19T01:44:12.390Z] [worker-us-central1-ss-67996790-a3a5-4323-8136-ed3974130afb]: IDLE {"metadata":{"emulator":{"name":"functions"},"message":"[worker-us-central1-ss-67996790-a3a5-4323-8136-ed3974130afb]: IDLE"}}
[debug] [2023-02-19T01:44:12.390Z] [work-queue] {"queuedWork":[],"queueLength":0,"runningWork":[],"workRunningCount":0}
[info] i  functions: Finished "ss" in 2354.9024ms {"metadata":{"emulator":{"name":"functions"},"function":{"name":"us-central1-ss"},"extension":{},"message":"Finished \"ss\" in 2354.9024ms"}}
